[08:05:15.215] [INFO] [36mInitializing Storybook[39m
[08:05:15.397] [DEBUG] Getting package.json info for /Users/bvalenzuela/Desktop/testProjects/finalProject/package.json...
[08:05:15.397] [DEBUG] Getting CLI versions from NPM for storybook...
[08:05:15.397] [DEBUG] Executing command: npm info storybook version
[08:05:15.884] [INFO] Adding Storybook version 10.1.11 to your project
[08:05:40.011] [PROMPT] We've detected a React Native project. Install: {"choice":"react_native"}
[08:05:40.011] [DEBUG] Project type detected: react_native
[08:05:40.012] [DEBUG] Using cached package.json for /Users/bvalenzuela/Desktop/testProjects/finalProject/package.json...
[08:05:40.015] [DEBUG] Getting installed version for vitest...
[08:05:40.015] [DEBUG] Executing command: npm ls --json --depth=99 2>/dev/null
[08:05:41.004] [DEBUG] Executing command: npm ls --json --depth=0 2>/dev/null
[08:05:41.483] [DEBUG] An issue occurred while trying to find dependencies metadata using npm: Error: Command failed with exit code 1: npm ls --json --depth=0 2>/dev/null
{
  "version": "0.0.1",
  "name": "finalProject"
}
[08:05:41.483] [DEBUG] Getting installed version for msw...
[08:05:41.483] [DEBUG] Executing command: npm ls --json --depth=99 2>/dev/null
[08:05:42.139] [DEBUG] Executing command: npm ls --json --depth=0 2>/dev/null
[08:05:42.611] [DEBUG] An issue occurred while trying to find dependencies metadata using npm: Error: Command failed with exit code 1: npm ls --json --depth=0 2>/dev/null
{
  "version": "0.0.1",
  "name": "finalProject"
}
[08:05:46.416] [PROMPT] New to Storybook? {"choice":true}
[08:05:46.417] [INFO] Storybook collects completely anonymous usage telemetry. We use it to shape Storybook's roadmap and prioritize features. You can learn more, including how to opt out, at https://storybook.js.org/telemetry
[08:05:46.755] [DEBUG] Getting dependency version for react-dom...
[08:05:46.755] [DEBUG] Using cached package.json for /Users/bvalenzuela/Desktop/testProjects/finalProject/package.json...
[08:05:46.755] [DEBUG] Getting dependency version for react...
[08:05:46.755] [DEBUG] Using cached package.json for /Users/bvalenzuela/Desktop/testProjects/finalProject/package.json...
[08:05:46.755] [DEBUG] Getting dependency version for react-native-safe-area-context...
[08:05:46.755] [DEBUG] Using cached package.json for /Users/bvalenzuela/Desktop/testProjects/finalProject/package.json...
[08:05:46.755] [DEBUG] Getting dependency version for @react-native-async-storage/async-storage...
[08:05:46.755] [DEBUG] Using cached package.json for /Users/bvalenzuela/Desktop/testProjects/finalProject/package.json...
[08:05:46.755] [DEBUG] Getting dependency version for @react-native-community/datetimepicker...
[08:05:46.755] [DEBUG] Using cached package.json for /Users/bvalenzuela/Desktop/testProjects/finalProject/package.json...
[08:05:46.755] [DEBUG] Getting dependency version for @react-native-community/slider...
[08:05:46.755] [DEBUG] Using cached package.json for /Users/bvalenzuela/Desktop/testProjects/finalProject/package.json...
[08:05:46.755] [DEBUG] Getting dependency version for react-native-reanimated...
[08:05:46.755] [DEBUG] Using cached package.json for /Users/bvalenzuela/Desktop/testProjects/finalProject/package.json...
[08:05:46.755] [DEBUG] Getting dependency version for react-native-gesture-handler...
[08:05:46.755] [DEBUG] Using cached package.json for /Users/bvalenzuela/Desktop/testProjects/finalProject/package.json...
[08:05:46.755] [DEBUG] Getting dependency version for @gorhom/bottom-sheet...
[08:05:46.755] [DEBUG] Using cached package.json for /Users/bvalenzuela/Desktop/testProjects/finalProject/package.json...
[08:05:46.755] [DEBUG] Getting dependency version for react-native-svg...
[08:05:46.755] [DEBUG] Using cached package.json for /Users/bvalenzuela/Desktop/testProjects/finalProject/package.json...
[08:05:46.755] [DEBUG] Getting CLI versions from NPM for @react-native-async-storage/async-storage...
[08:05:46.755] [DEBUG] Executing command: npm info @react-native-async-storage/async-storage version
[08:05:46.758] [DEBUG] Getting CLI versions from NPM for @react-native-community/datetimepicker...
[08:05:46.758] [DEBUG] Executing command: npm info @react-native-community/datetimepicker version
[08:05:46.761] [DEBUG] Getting CLI versions from NPM for @react-native-community/slider...
[08:05:46.761] [DEBUG] Executing command: npm info @react-native-community/slider version
[08:05:46.764] [DEBUG] Getting CLI versions from NPM for react-native-reanimated...
[08:05:46.764] [DEBUG] Executing command: npm info react-native-reanimated version
[08:05:46.767] [DEBUG] Getting CLI versions from NPM for @gorhom/bottom-sheet...
[08:05:46.767] [DEBUG] Executing command: npm info @gorhom/bottom-sheet version
[08:05:46.769] [DEBUG] Getting CLI versions from NPM for react-native-svg...
[08:05:46.769] [DEBUG] Executing command: npm info react-native-svg version
[08:05:46.771] [DEBUG] Getting CLI versions from NPM for @storybook/addon-ondevice-controls...
[08:05:46.771] [DEBUG] Executing command: npm info @storybook/addon-ondevice-controls version
[08:05:46.773] [DEBUG] Getting CLI versions from NPM for @storybook/addon-ondevice-actions...
[08:05:46.773] [DEBUG] Executing command: npm info @storybook/addon-ondevice-actions version
[08:05:46.776] [DEBUG] Getting CLI versions from NPM for @storybook/react-native...
[08:05:46.776] [DEBUG] Executing command: npm info @storybook/react-native version
[08:05:46.782] [DEBUG] Using cached version for storybook...
[08:05:47.558] [DEBUG] Getting dependency version for babel-core...
[08:05:47.558] [DEBUG] Using cached package.json for /Users/bvalenzuela/Desktop/testProjects/finalProject/package.json...
[08:05:47.558] [DEBUG] Getting dependency version for @babel/core...
[08:05:47.558] [DEBUG] Using cached package.json for /Users/bvalenzuela/Desktop/testProjects/finalProject/package.json...
[08:05:47.558] [DEBUG] Getting dependency version for babel-loader...
[08:05:47.558] [DEBUG] Using cached package.json for /Users/bvalenzuela/Desktop/testProjects/finalProject/package.json...
[08:05:47.558] [DEBUG] Getting CLI versions from NPM for babel-loader...
[08:05:47.558] [DEBUG] Executing command: npm info babel-loader versions --json
[08:05:47.791] [DEBUG] Getting package.json info for /Users/bvalenzuela/Desktop/testProjects/finalProject/package.json...
[08:05:47.791] [DEBUG] Using cached package.json for /Users/bvalenzuela/Desktop/testProjects/finalProject/package.json...
[08:05:47.792] [DEBUG] Using cached version for @storybook/react-native...
[08:05:47.792] [DEBUG] Executing command: npm config get registry -ws=false -iwr
[08:05:48.073] [INFO]     [33mThe Storybook for React Native installation is not 100% automated.[39m

    To run Storybook for React Native, you will need to:

    1. Replace the contents of your app entry with the following

    [36m export {default} from './.rnstorybook'; [39m

    2. Wrap your metro config with the withStorybook enhancer function like this:

    [36m const { withStorybook } = require('@storybook/react-native/metro/withStorybook'); [39m
    [36m module.exports = withStorybook(defaultConfig); [39m

    For more details go to:
    https://github.com/storybookjs/react-native#getting-started

    Then to start Storybook for React Native, run:

    [36m npm run start [39m
[08:05:48.073] [INFO] adding-dependencies-task-start: Adding dependencies to package.json
[08:05:48.074] [INFO] adding-dependencies-task: Adding dependencies:
- babel-loader@^8.4.1
- @react-native-async-storage/async-storage@^2.2.0
- @react-native-community/datetimepicker@^8.6.0
- @react-native-community/slider@^null
- react-native-reanimated@^4.2.1
- @gorhom/bottom-sheet@^5.2.8
- react-native-svg@^15.15.1
- @storybook/addon-ondevice-controls@^10.1.11
- @storybook/addon-ondevice-actions@^10.1.11
- @storybook/react-native@^10.1.11
- storybook@^10.1.11
- react-dom@19.2.0
[08:05:48.074] [DEBUG] Using cached package.json for /Users/bvalenzuela/Desktop/testProjects/finalProject/package.json...
[08:05:48.074] [DEBUG] Getting CLI versions from NPM for babel-loader...
[08:05:48.074] [DEBUG] Executing command: npm info babel-loader version
[08:05:48.464] [DEBUG] Using cached version for @react-native-async-storage/async-storage...
[08:05:48.464] [DEBUG] Using cached version for @react-native-community/datetimepicker...
[08:05:48.464] [DEBUG] Getting CLI versions from NPM for @react-native-community/slider...
[08:05:48.464] [DEBUG] Executing command: npm info @react-native-community/slider version
[08:05:48.741] [ERROR] 
     [31mError: No version found for @react-native-community/slider[39m